[debug] [2023-10-24T07:15:22.139Z] ----------------------------------------------------------------------
[debug] [2023-10-24T07:15:22.146Z] Command:       C:\node64\node.exe C:\node64\node_modules\firebase-tools\lib\bin\firebase.js deploy
[debug] [2023-10-24T07:15:22.148Z] CLI Version:   12.4.3
[debug] [2023-10-24T07:15:22.149Z] Platform:      win32
[debug] [2023-10-24T07:15:22.149Z] Node Version:  v16.15.0
[debug] [2023-10-24T07:15:22.151Z] Time:          Tue Oct 24 2023 12:45:22 GMT+0530 (India Standard Time)
[debug] [2023-10-24T07:15:22.152Z] ----------------------------------------------------------------------
[debug] 
[debug] [2023-10-24T07:15:22.305Z] > command requires scopes: ["email","openid","https://www.googleapis.com/auth/cloudplatformprojects.readonly","https://www.googleapis.com/auth/firebase","https://www.googleapis.com/auth/cloud-platform"]
[debug] [2023-10-24T07:15:22.305Z] > authorizing via signed-in user (sonkamblenarsing123@gmail.com)
[debug] [2023-10-24T07:15:22.306Z] [iam] checking project sspm-91c12 for permissions ["firebase.projects.get","firebasehosting.sites.update"]
[debug] [2023-10-24T07:15:22.309Z] >>> [apiv2][query] POST https://cloudresourcemanager.googleapis.com/v1/projects/sspm-91c12:testIamPermissions [none]
[debug] [2023-10-24T07:15:22.309Z] >>> [apiv2][(partial)header] POST https://cloudresourcemanager.googleapis.com/v1/projects/sspm-91c12:testIamPermissions x-goog-quota-user=projects/sspm-91c12
[debug] [2023-10-24T07:15:22.309Z] >>> [apiv2][body] POST https://cloudresourcemanager.googleapis.com/v1/projects/sspm-91c12:testIamPermissions {"permissions":["firebase.projects.get","firebasehosting.sites.update"]}
[debug] [2023-10-24T07:15:23.264Z] <<< [apiv2][status] POST https://cloudresourcemanager.googleapis.com/v1/projects/sspm-91c12:testIamPermissions 200
[debug] [2023-10-24T07:15:23.265Z] <<< [apiv2][body] POST https://cloudresourcemanager.googleapis.com/v1/projects/sspm-91c12:testIamPermissions {"permissions":["firebase.projects.get","firebasehosting.sites.update"]}
[debug] [2023-10-24T07:15:23.267Z] >>> [apiv2][query] GET https://firebase.googleapis.com/v1beta1/projects/sspm-91c12 [none]
[debug] [2023-10-24T07:15:24.297Z] <<< [apiv2][status] GET https://firebase.googleapis.com/v1beta1/projects/sspm-91c12 200
[debug] [2023-10-24T07:15:24.298Z] <<< [apiv2][body] GET https://firebase.googleapis.com/v1beta1/projects/sspm-91c12 {"projectId":"sspm-91c12","projectNumber":"739041328918","displayName":"SSPM","name":"projects/sspm-91c12","resources":{"hostingSite":"sspm-91c12"},"state":"ACTIVE","etag":"1_7cf735b8-ad0f-45af-bca4-45aa6ab3af45"}
[info] 
[info] === Deploying to 'sspm-91c12'...
[info] 
[info] i  deploying hosting 
[debug] [2023-10-24T07:15:24.319Z] >>> [apiv2][query] POST https://firebasehosting.googleapis.com/v1beta1/projects/-/sites/sspm-91c12/versions [none]
[debug] [2023-10-24T07:15:24.319Z] >>> [apiv2][body] POST https://firebasehosting.googleapis.com/v1beta1/projects/-/sites/sspm-91c12/versions {"status":"CREATED","labels":{"deployment-tool":"cli-firebase"}}
[debug] [2023-10-24T07:15:26.459Z] <<< [apiv2][status] POST https://firebasehosting.googleapis.com/v1beta1/projects/-/sites/sspm-91c12/versions 200
[debug] [2023-10-24T07:15:26.459Z] <<< [apiv2][body] POST https://firebasehosting.googleapis.com/v1beta1/projects/-/sites/sspm-91c12/versions {"name":"projects/739041328918/sites/sspm-91c12/versions/eef954866d85c4de","status":"CREATED","config":{},"labels":{"deployment-tool":"cli-firebase"}}
[info] i  hosting[sspm-91c12]: beginning deploy... 
[info] i  hosting[sspm-91c12]: found 29 files in build 
[debug] [2023-10-24T07:15:26.485Z] [hosting] uploading with 200 concurrency
[debug] [2023-10-24T07:15:27.182Z] [hosting] hash cache [YnVpbGQ] stored for 29 files
[debug] [2023-10-24T07:15:27.182Z] [hosting][hash queue][FINAL] {"max":663,"min":8,"avg":130.6551724137931,"active":0,"complete":29,"success":29,"errored":0,"retried":0,"total":29,"elapsed":676}
[debug] [2023-10-24T07:15:27.183Z] >>> [apiv2][query] POST https://firebasehosting.googleapis.com/v1beta1/projects/739041328918/sites/sspm-91c12/versions/eef954866d85c4de:populateFiles [none]
[debug] [2023-10-24T07:15:27.184Z] >>> [apiv2][body] POST https://firebasehosting.googleapis.com/v1beta1/projects/739041328918/sites/sspm-91c12/versions/eef954866d85c4de:populateFiles {"files":{"/favicon.ico":"eae62e993eb980ec8a25058c39d5a51feab118bd2100c4deebb2a9c158ec11f9","/manifest.json":"5c997de1364b8be939319fa9209abd77f2caf7f8844999a9e2e9173f844e7840","/robots.txt":"b2090cf9761ef60aa06e4fab97679bd43dfa5e5df073701ead5879d7c68f1ec5","/asset-manifest.json":"18c993321437ed1f3b55becd991790c92010d3debd1e0d7b6509453bc2ef3ad1","/index.html":"42721c00495f829772806f7e74fea83a8982a784c5c9fbc694483390e9a4b8d6","/static/js/787.fdc795f7.chunk.js":"4b72d418c5612e6b70c6a686985619a611f13526b7674e469479a94da6410985","/static/js/787.fdc795f7.chunk.js.map":"9287ff1df2f4e6d5af56a03c16d2573fc170a2ea53975c293d8f70813529b4d3","/static/js/main.d6bfe9ac.js.LICENSE.txt":"8c7161185c07eed67e50b29ba0dfb1271420305ec09db845a273f4f4f309d89b","/static/media/ant.eb2ca6f858ec2b430fcb.webp":"ca7b52b11ed0a9ba188e807f170acebbe675c2900dc28f7cc1f857dfc7095726","/static/media/bird.4b6e1d8f079298f3ec31.webp":"a57bc451446a8982f9a153518f266bd00ef2a42d35041302b47663b05bebc5aa","/static/media/Cockroaches.0a5ddb74fa8e211685db.webp":"837b9cb4a0b22ed8b22ba2c0f2abc2a74d50a8304afb3be34bf0d75106d16486","/static/media/flies.fe2ec4c88f7407673aa3.webp":"a9ef81b1574a931630ba643fa7fe239b21c2a8a1129122d8690d64259088d984","/static/media/imgthumbnail2.91d4bfe1290e1bffcbf5.webp":"d11f2d9cda135b1365973a208f0607e0ee9a3d819d8ff2631bbee6aa35b1721b","/static/media/Termites.0bf9b994e83c0a153656.webp":"fbbf9b20db326ec17205b8e5d2643fbf2f7673a8ba75b462c3e6bc74fecc13a2","/static/media/logo.23cb0f60c8e6c6c8f901.webp":"1a40ed9a23816a1c6d790b2be6b80813fa627ba7b0d7bd9fba9bc290213bdc4f","/static/media/weed.faf0c818c34824755a17.webp":"bc0c5710e7fd5a53e61f8e5f8b15bd5958dd581581df90b241814038752bb637","/static/media/spider.dbf9b89a78f2781e5e8b.webp":"a9f387cc75418bc0d1eebe48616c5a2422d26ba02500b5dca2b7afe88cada990","/static/media/Bed Bugs.c90e5c978f8b1aa52651.webp":"cd51c00953465710e2979ed6b82a78e00ed1fe50fb4f4fae39998c3859a9ea29","/static/css/main.f8537dcb.css":"e50d27a5df53c89f1ca72296eebd578e59eb404b97391cd25d84e5644774b064","/static/js/main.d6bfe9ac.js":"f6111c2295032ea26e704ecc9ff22d774e2a5d0a0ce5f529b61b6df647f65535","/static/media/imgthumbnail.cf769b3f99b51f05b04e.webp":"1c9b2699863ae39ed1d3d2ad58e8bfbecb39ba373d28b0951a522fa5b9e4a92a","/static/media/bootstrap-icons.b2e5aab643c6f0fd2da6.woff2":"0ea6d5da9a2ccd52f259f3be94a604053aa05ee6ba8671ffdefe6209b5b9e242","/static/media/bootstrap-icons.6959d0d983ee318f8880.woff":"c5b1eba94469278a0f1cc3801c492afaf07c388f5081d31896b841f0f89e3435","/static/css/main.f8537dcb.css.map":"0a73128de2edbaa83c6113ca7a6eea21420d71cec0dc927799e5fa7d19c46bfd","/static/media/Rodent.e7687667604cdc09948c.webp":"66bf861087f7e1573db6cf003bc474ea164b3cb7cdc2c6961ab3c423e6a4f3c2","/static/js/main.d6bfe9ac.js.map":"3c20ec6d0c34bcd6c9518f4b9e6e2f33245e21a7fb0a74a27bb0d1bcde503eb1","/static/media/IMG4.199739f28a7878a4c6b2.webp":"e427637bfc52086ed11cda5bee00a49361664896fbc19d9db91bea99b3d97033","/static/media/IMG6.b4043caecca9a7b0345b.webp":"22d2c46edc5705481e885d31d8545acf24ca7dd78912320d151dc018d6ee70e3","/static/media/IMG5.b4606441688228712a48.webp":"fc9ce487113d63e8a310574dc69aafe5b35096ef4c3bed041ae7429d160f8517"}}
[debug] [2023-10-24T07:15:28.936Z] <<< [apiv2][status] POST https://firebasehosting.googleapis.com/v1beta1/projects/739041328918/sites/sspm-91c12/versions/eef954866d85c4de:populateFiles 200
[debug] [2023-10-24T07:15:28.937Z] <<< [apiv2][body] POST https://firebasehosting.googleapis.com/v1beta1/projects/739041328918/sites/sspm-91c12/versions/eef954866d85c4de:populateFiles {"uploadRequiredHashes":["22d2c46edc5705481e885d31d8545acf24ca7dd78912320d151dc018d6ee70e3","42721c00495f829772806f7e74fea83a8982a784c5c9fbc694483390e9a4b8d6","e427637bfc52086ed11cda5bee00a49361664896fbc19d9db91bea99b3d97033","fc9ce487113d63e8a310574dc69aafe5b35096ef4c3bed041ae7429d160f8517"],"uploadUrl":"https://upload-firebasehosting.googleapis.com/upload/sites/sspm-91c12/versions/eef954866d85c4de/files"}
[debug] [2023-10-24T07:15:28.940Z] >>> [apiv2][query] POST https://upload-firebasehosting.googleapis.com/upload/sites/sspm-91c12/versions/eef954866d85c4de/files/22d2c46edc5705481e885d31d8545acf24ca7dd78912320d151dc018d6ee70e3 [none]
[debug] [2023-10-24T07:15:28.941Z] >>> [apiv2][body] POST https://upload-firebasehosting.googleapis.com/upload/sites/sspm-91c12/versions/eef954866d85c4de/files/22d2c46edc5705481e885d31d8545acf24ca7dd78912320d151dc018d6ee70e3 [stream]
[debug] [2023-10-24T07:15:28.944Z] >>> [apiv2][query] POST https://upload-firebasehosting.googleapis.com/upload/sites/sspm-91c12/versions/eef954866d85c4de/files/42721c00495f829772806f7e74fea83a8982a784c5c9fbc694483390e9a4b8d6 [none]
[debug] [2023-10-24T07:15:28.944Z] >>> [apiv2][body] POST https://upload-firebasehosting.googleapis.com/upload/sites/sspm-91c12/versions/eef954866d85c4de/files/42721c00495f829772806f7e74fea83a8982a784c5c9fbc694483390e9a4b8d6 [stream]
[debug] [2023-10-24T07:15:28.946Z] >>> [apiv2][query] POST https://upload-firebasehosting.googleapis.com/upload/sites/sspm-91c12/versions/eef954866d85c4de/files/e427637bfc52086ed11cda5bee00a49361664896fbc19d9db91bea99b3d97033 [none]
[debug] [2023-10-24T07:15:28.947Z] >>> [apiv2][body] POST https://upload-firebasehosting.googleapis.com/upload/sites/sspm-91c12/versions/eef954866d85c4de/files/e427637bfc52086ed11cda5bee00a49361664896fbc19d9db91bea99b3d97033 [stream]
[debug] [2023-10-24T07:15:28.949Z] >>> [apiv2][query] POST https://upload-firebasehosting.googleapis.com/upload/sites/sspm-91c12/versions/eef954866d85c4de/files/fc9ce487113d63e8a310574dc69aafe5b35096ef4c3bed041ae7429d160f8517 [none]
[debug] [2023-10-24T07:15:28.949Z] >>> [apiv2][body] POST https://upload-firebasehosting.googleapis.com/upload/sites/sspm-91c12/versions/eef954866d85c4de/files/fc9ce487113d63e8a310574dc69aafe5b35096ef4c3bed041ae7429d160f8517 [stream]
[debug] [2023-10-24T07:15:28.952Z] [hosting][populate queue][FINAL] {"max":1762,"min":1762,"avg":1762,"active":0,"complete":1,"success":1,"errored":0,"retried":0,"total":1,"elapsed":1774}
[debug] [2023-10-24T07:15:28.952Z] [hosting] uploads queued: 4
[debug] [2023-10-24T07:15:35.563Z] <<< [apiv2][status] POST https://upload-firebasehosting.googleapis.com/upload/sites/sspm-91c12/versions/eef954866d85c4de/files/42721c00495f829772806f7e74fea83a8982a784c5c9fbc694483390e9a4b8d6 200
[debug] [2023-10-24T07:15:35.563Z] <<< [apiv2][body] POST https://upload-firebasehosting.googleapis.com/upload/sites/sspm-91c12/versions/eef954866d85c4de/files/42721c00495f829772806f7e74fea83a8982a784c5c9fbc694483390e9a4b8d6 [stream]
[debug] [2023-10-24T07:17:23.888Z] [uploadQueue] Retrying task e427637bfc52086ed11cda5bee00a49361664896fbc19d9db91bea99b3d97033
[debug] [2023-10-24T07:17:23.891Z] >>> [apiv2][query] POST https://upload-firebasehosting.googleapis.com/upload/sites/sspm-91c12/versions/eef954866d85c4de/files/e427637bfc52086ed11cda5bee00a49361664896fbc19d9db91bea99b3d97033 [none]
[debug] [2023-10-24T07:17:23.891Z] >>> [apiv2][body] POST https://upload-firebasehosting.googleapis.com/upload/sites/sspm-91c12/versions/eef954866d85c4de/files/e427637bfc52086ed11cda5bee00a49361664896fbc19d9db91bea99b3d97033 [stream]
[debug] [2023-10-24T07:17:29.223Z] [uploadQueue] Retrying task fc9ce487113d63e8a310574dc69aafe5b35096ef4c3bed041ae7429d160f8517
[debug] [2023-10-24T07:17:29.225Z] >>> [apiv2][query] POST https://upload-firebasehosting.googleapis.com/upload/sites/sspm-91c12/versions/eef954866d85c4de/files/fc9ce487113d63e8a310574dc69aafe5b35096ef4c3bed041ae7429d160f8517 [none]
[debug] [2023-10-24T07:17:29.225Z] >>> [apiv2][body] POST https://upload-firebasehosting.googleapis.com/upload/sites/sspm-91c12/versions/eef954866d85c4de/files/fc9ce487113d63e8a310574dc69aafe5b35096ef4c3bed041ae7429d160f8517 [stream]
[debug] [2023-10-24T07:17:34.583Z] [uploadQueue] Retrying task 22d2c46edc5705481e885d31d8545acf24ca7dd78912320d151dc018d6ee70e3
[debug] [2023-10-24T07:17:34.585Z] >>> [apiv2][query] POST https://upload-firebasehosting.googleapis.com/upload/sites/sspm-91c12/versions/eef954866d85c4de/files/22d2c46edc5705481e885d31d8545acf24ca7dd78912320d151dc018d6ee70e3 [none]
[debug] [2023-10-24T07:17:34.585Z] >>> [apiv2][body] POST https://upload-firebasehosting.googleapis.com/upload/sites/sspm-91c12/versions/eef954866d85c4de/files/22d2c46edc5705481e885d31d8545acf24ca7dd78912320d151dc018d6ee70e3 [stream]
[debug] [2023-10-24T07:19:19.232Z] [uploadQueue] Retrying task e427637bfc52086ed11cda5bee00a49361664896fbc19d9db91bea99b3d97033
[debug] [2023-10-24T07:19:19.234Z] >>> [apiv2][query] POST https://upload-firebasehosting.googleapis.com/upload/sites/sspm-91c12/versions/eef954866d85c4de/files/e427637bfc52086ed11cda5bee00a49361664896fbc19d9db91bea99b3d97033 [none]
[debug] [2023-10-24T07:19:19.234Z] >>> [apiv2][body] POST https://upload-firebasehosting.googleapis.com/upload/sites/sspm-91c12/versions/eef954866d85c4de/files/e427637bfc52086ed11cda5bee00a49361664896fbc19d9db91bea99b3d97033 [stream]
[debug] [2023-10-24T07:19:29.911Z] [uploadQueue] Retrying task fc9ce487113d63e8a310574dc69aafe5b35096ef4c3bed041ae7429d160f8517
[debug] [2023-10-24T07:19:29.913Z] >>> [apiv2][query] POST https://upload-firebasehosting.googleapis.com/upload/sites/sspm-91c12/versions/eef954866d85c4de/files/fc9ce487113d63e8a310574dc69aafe5b35096ef4c3bed041ae7429d160f8517 [none]
[debug] [2023-10-24T07:19:29.913Z] >>> [apiv2][body] POST https://upload-firebasehosting.googleapis.com/upload/sites/sspm-91c12/versions/eef954866d85c4de/files/fc9ce487113d63e8a310574dc69aafe5b35096ef4c3bed041ae7429d160f8517 [stream]
[debug] [2023-10-24T07:19:40.627Z] [uploadQueue] Retrying task 22d2c46edc5705481e885d31d8545acf24ca7dd78912320d151dc018d6ee70e3
[debug] [2023-10-24T07:19:40.628Z] >>> [apiv2][query] POST https://upload-firebasehosting.googleapis.com/upload/sites/sspm-91c12/versions/eef954866d85c4de/files/22d2c46edc5705481e885d31d8545acf24ca7dd78912320d151dc018d6ee70e3 [none]
[debug] [2023-10-24T07:19:40.628Z] >>> [apiv2][body] POST https://upload-firebasehosting.googleapis.com/upload/sites/sspm-91c12/versions/eef954866d85c4de/files/22d2c46edc5705481e885d31d8545acf24ca7dd78912320d151dc018d6ee70e3 [stream]
[debug] [2023-10-24T07:21:15.378Z] [uploadQueue] Retrying task e427637bfc52086ed11cda5bee00a49361664896fbc19d9db91bea99b3d97033
[debug] [2023-10-24T07:21:15.380Z] >>> [apiv2][query] POST https://upload-firebasehosting.googleapis.com/upload/sites/sspm-91c12/versions/eef954866d85c4de/files/e427637bfc52086ed11cda5bee00a49361664896fbc19d9db91bea99b3d97033 [none]
[debug] [2023-10-24T07:21:15.381Z] >>> [apiv2][body] POST https://upload-firebasehosting.googleapis.com/upload/sites/sspm-91c12/versions/eef954866d85c4de/files/e427637bfc52086ed11cda5bee00a49361664896fbc19d9db91bea99b3d97033 [stream]
[debug] [2023-10-24T07:21:31.395Z] [uploadQueue] Retrying task fc9ce487113d63e8a310574dc69aafe5b35096ef4c3bed041ae7429d160f8517
[debug] [2023-10-24T07:21:31.397Z] >>> [apiv2][query] POST https://upload-firebasehosting.googleapis.com/upload/sites/sspm-91c12/versions/eef954866d85c4de/files/fc9ce487113d63e8a310574dc69aafe5b35096ef4c3bed041ae7429d160f8517 [none]
[debug] [2023-10-24T07:21:31.397Z] >>> [apiv2][body] POST https://upload-firebasehosting.googleapis.com/upload/sites/sspm-91c12/versions/eef954866d85c4de/files/fc9ce487113d63e8a310574dc69aafe5b35096ef4c3bed041ae7429d160f8517 [stream]
[debug] [2023-10-24T07:21:47.471Z] [uploadQueue] Retrying task 22d2c46edc5705481e885d31d8545acf24ca7dd78912320d151dc018d6ee70e3
[debug] [2023-10-24T07:21:47.473Z] >>> [apiv2][query] POST https://upload-firebasehosting.googleapis.com/upload/sites/sspm-91c12/versions/eef954866d85c4de/files/22d2c46edc5705481e885d31d8545acf24ca7dd78912320d151dc018d6ee70e3 [none]
[debug] [2023-10-24T07:21:47.473Z] >>> [apiv2][body] POST https://upload-firebasehosting.googleapis.com/upload/sites/sspm-91c12/versions/eef954866d85c4de/files/22d2c46edc5705481e885d31d8545acf24ca7dd78912320d151dc018d6ee70e3 [stream]
[debug] [2023-10-24T07:23:13.126Z] [uploadQueue] Retrying task e427637bfc52086ed11cda5bee00a49361664896fbc19d9db91bea99b3d97033
[debug] [2023-10-24T07:23:13.128Z] >>> [apiv2][query] POST https://upload-firebasehosting.googleapis.com/upload/sites/sspm-91c12/versions/eef954866d85c4de/files/e427637bfc52086ed11cda5bee00a49361664896fbc19d9db91bea99b3d97033 [none]
[debug] [2023-10-24T07:23:13.128Z] >>> [apiv2][body] POST https://upload-firebasehosting.googleapis.com/upload/sites/sspm-91c12/versions/eef954866d85c4de/files/e427637bfc52086ed11cda5bee00a49361664896fbc19d9db91bea99b3d97033 [stream]
[debug] [2023-10-24T07:23:34.480Z] [uploadQueue] Retrying task fc9ce487113d63e8a310574dc69aafe5b35096ef4c3bed041ae7429d160f8517
[debug] [2023-10-24T07:23:34.481Z] >>> [apiv2][query] POST https://upload-firebasehosting.googleapis.com/upload/sites/sspm-91c12/versions/eef954866d85c4de/files/fc9ce487113d63e8a310574dc69aafe5b35096ef4c3bed041ae7429d160f8517 [none]
[debug] [2023-10-24T07:23:34.482Z] >>> [apiv2][body] POST https://upload-firebasehosting.googleapis.com/upload/sites/sspm-91c12/versions/eef954866d85c4de/files/fc9ce487113d63e8a310574dc69aafe5b35096ef4c3bed041ae7429d160f8517 [stream]
[debug] [2023-10-24T07:23:55.928Z] [uploadQueue] Retrying task 22d2c46edc5705481e885d31d8545acf24ca7dd78912320d151dc018d6ee70e3
[debug] [2023-10-24T07:23:55.930Z] >>> [apiv2][query] POST https://upload-firebasehosting.googleapis.com/upload/sites/sspm-91c12/versions/eef954866d85c4de/files/22d2c46edc5705481e885d31d8545acf24ca7dd78912320d151dc018d6ee70e3 [none]
[debug] [2023-10-24T07:23:55.930Z] >>> [apiv2][body] POST https://upload-firebasehosting.googleapis.com/upload/sites/sspm-91c12/versions/eef954866d85c4de/files/22d2c46edc5705481e885d31d8545acf24ca7dd78912320d151dc018d6ee70e3 [stream]
[debug] [2023-10-24T07:25:14.071Z] [uploadQueue] Retrying task e427637bfc52086ed11cda5bee00a49361664896fbc19d9db91bea99b3d97033
[debug] [2023-10-24T07:25:14.073Z] >>> [apiv2][query] POST https://upload-firebasehosting.googleapis.com/upload/sites/sspm-91c12/versions/eef954866d85c4de/files/e427637bfc52086ed11cda5bee00a49361664896fbc19d9db91bea99b3d97033 [none]
[debug] [2023-10-24T07:25:14.073Z] >>> [apiv2][body] POST https://upload-firebasehosting.googleapis.com/upload/sites/sspm-91c12/versions/eef954866d85c4de/files/e427637bfc52086ed11cda5bee00a49361664896fbc19d9db91bea99b3d97033 [stream]
[debug] [2023-10-24T07:25:40.766Z] [uploadQueue] Retrying task fc9ce487113d63e8a310574dc69aafe5b35096ef4c3bed041ae7429d160f8517
[debug] [2023-10-24T07:25:40.767Z] >>> [apiv2][query] POST https://upload-firebasehosting.googleapis.com/upload/sites/sspm-91c12/versions/eef954866d85c4de/files/fc9ce487113d63e8a310574dc69aafe5b35096ef4c3bed041ae7429d160f8517 [none]
[debug] [2023-10-24T07:25:40.767Z] >>> [apiv2][body] POST https://upload-firebasehosting.googleapis.com/upload/sites/sspm-91c12/versions/eef954866d85c4de/files/fc9ce487113d63e8a310574dc69aafe5b35096ef4c3bed041ae7429d160f8517 [stream]
[debug] [2023-10-24T07:26:07.575Z] [uploadQueue] Retrying task 22d2c46edc5705481e885d31d8545acf24ca7dd78912320d151dc018d6ee70e3
[debug] [2023-10-24T07:26:07.577Z] >>> [apiv2][query] POST https://upload-firebasehosting.googleapis.com/upload/sites/sspm-91c12/versions/eef954866d85c4de/files/22d2c46edc5705481e885d31d8545acf24ca7dd78912320d151dc018d6ee70e3 [none]
[debug] [2023-10-24T07:26:07.577Z] >>> [apiv2][body] POST https://upload-firebasehosting.googleapis.com/upload/sites/sspm-91c12/versions/eef954866d85c4de/files/22d2c46edc5705481e885d31d8545acf24ca7dd78912320d151dc018d6ee70e3 [stream]
[debug] Task e427637bfc52086ed11cda5bee00a49361664896fbc19d9db91bea99b3d97033 failed: retries exhausted after 6 attempts, with error: Timeout reached making request to https://upload-firebasehosting.googleapis.com/upload/sites/sspm-91c12/versions/eef954866d85c4de/files/e427637bfc52086ed11cda5bee00a49361664896fbc19d9db91bea99b3d97033
[debug] [2023-10-24T07:27:08.618Z] [hosting][upload queue][FINAL] {"max":6625,"min":6625,"avg":6625,"active":2,"complete":2,"success":1,"errored":1,"retried":15,"total":4,"elapsed":699681}
[debug] [2023-10-24T07:27:13.624Z] Error: Timed out.
    at Timeout._onTimeout (C:\node64\node_modules\firebase-tools\lib\utils.js:254:49)
    at listOnTimeout (node:internal/timers:559:17)
    at processTimers (node:internal/timers:502:7)
[error] 
[error] Error: An unexpected error has occurred.
